<?xml version="1.0" encoding="UTF-8"?>
<!-- Generated by org.testng.reporters.JUnitReportReporter -->
<testsuite hostname="ITMMAAGC42029FZ" failures="0" tests="1" name="MyFirstTestNGPackage.FirstTestNGfile" time="0.009" errors="0" timestamp="2024-08-19T09:46:40 WEST" skipped="0">
  <testcase classname="MyFirstTestNGPackage.FirstTestNGfile" name="TC2testMethod" time="0.009"/>
  <system-out/>
</testsuite> <!-- MyFirstTestNGPackage.FirstTestNGfile -->
