<?xml version="1.0" encoding="UTF-8"?>
<!-- Generated by org.testng.reporters.JUnitReportReporter -->
<testsuite hostname="ITMMAAGC42029FZ" failures="0" tests="5" name="MyPackage.MyTestClass" time="63.283" errors="0" timestamp="2024-08-27T10:37:01 WEST" skipped="1">
  <testcase classname="MyPackage.MyTestClass" name="TC2_Authentication_KO" time="17.611"/>
  <system-out/>
  <testcase classname="MyPackage.MyTestClass" name="TC2_Authentication_KO" time="12.860"/>
  <system-out/>
  <testcase classname="MyPackage.MyTestClass" name="TC3_Authentication_OK" time="19.215"/>
  <system-out/>
  <testcase classname="MyPackage.MyTestClass" name="TC4_dropdown" time="13.597"/>
  <system-out/>
  <testcase classname="MyPackage.MyTestClass" name="TC1_homePage">
    <skipped/>
  </testcase> <!-- TC1_homePage -->
  <system-out/>
</testsuite> <!-- MyPackage.MyTestClass -->
