<?xml version="1.0" encoding="UTF-8"?>
<!-- Generated by org.testng.reporters.JUnitReportReporter -->
<testsuite hostname="ITMMAAGC42029FZ" failures="0" tests="1" name="MyApiPackage.MyApiClass" time="3.067" errors="0" timestamp="2024-09-02T10:08:16 WEST" skipped="0">
  <testcase classname="MyApiPackage.MyApiClass" name="testUiAndApi" time="3.067"/>
  <system-out/>
</testsuite> <!-- MyApiPackage.MyApiClass -->
