<?xml version="1.0" encoding="UTF-8"?>
<!-- Generated by org.testng.reporters.JUnitReportReporter -->
<testsuite hostname="ITMMAAGC42029FZ" failures="0" tests="1" name="MyPackage.MyClass2" time="13.378" errors="0" timestamp="2024-08-19T16:00:58 WEST" skipped="0">
  <testcase classname="MyPackage.MyClass2" name="TC1_hovers" time="13.378"/>
  <system-out/>
</testsuite> <!-- MyPackage.MyClass2 -->
