<?xml version="1.0" encoding="UTF-8"?>
<!-- Generated by org.testng.reporters.JUnitReportReporter -->
<testsuite hostname="ITMMAAGC42029FZ" failures="0" tests="6" name="MyPackage.MyClass" time="55.867" errors="0" timestamp="2024-09-02T11:37:28 WEST" skipped="1">
  <testcase classname="MyPackage.MyClass" name="TC2_Authentication_KO" time="10.648"/>
  <system-out/>
  <testcase classname="MyPackage.MyClass" name="TC2_Authentication_KO" time="12.154"/>
  <system-out/>
  <testcase classname="MyPackage.MyClass" name="TC2_Authentication_KO" time="11.419"/>
  <system-out/>
  <testcase classname="MyPackage.MyClass" name="TC3_Authentication_OK" time="10.331"/>
  <system-out/>
  <testcase classname="MyPackage.MyClass" name="TC4_dropdown" time="11.315"/>
  <system-out/>
  <testcase classname="MyPackage.MyClass" name="TC1_homePage">
    <skipped/>
  </testcase> <!-- TC1_homePage -->
  <system-out/>
</testsuite> <!-- MyPackage.MyClass -->
