<?xml version="1.0" encoding="UTF-8"?>
<!-- Generated by org.testng.reporters.JUnitReportReporter -->
<testsuite hostname="ITMMAAGC42029FZ" failures="0" tests="1" name="MyPackage.TestRunner" time="2.889" errors="0" timestamp="2024-09-02T10:35:37 WEST" skipped="0">
  <testcase classname="MyPackage.TestRunner" name="runScenario" time="2.889"/>
  <system-out/>
</testsuite> <!-- MyPackage.TestRunner -->
