<?xml version="1.0" encoding="UTF-8"?>
<!-- Generated by org.testng.reporters.JUnitReportReporter -->
<testsuite hostname="ITMMAAGC42029FZ" failures="0" tests="5" name="Steps.runner" time="49.435" errors="0" timestamp="2024-09-02T12:11:27 WEST" skipped="0">
  <testcase classname="Steps.runner" name="runScenario" time="10.006"/>
  <system-out/>
  <testcase classname="Steps.runner" name="runScenario" time="8.964"/>
  <system-out/>
  <testcase classname="Steps.runner" name="runScenario" time="10.523"/>
  <system-out/>
  <testcase classname="Steps.runner" name="runScenario" time="9.833"/>
  <system-out/>
  <testcase classname="Steps.runner" name="runScenario" time="10.109"/>
  <system-out/>
</testsuite> <!-- Steps.runner -->
